<?xml version="1.0" encoding="UTF-8"?>
<!-- Generated by org.testng.reporters.JUnitReportReporter -->
<testsuite hostname="LAPTOP-KRFG0B0G" failures="0" tests="1" name="com.salesforce.runners.RunnerForSalesforce" time="3.813" errors="0" timestamp="2023-03-22T23:22:33 PDT" skipped="0">
  <testcase classname="com.salesforce.runners.RunnerForSalesforce" name="runScenario" time="3.813"/>
  <system-out/>
</testsuite> <!-- com.salesforce.runners.RunnerForSalesforce -->
